log started: Wed Aug 23 13:24:17 2017

Log file: ./leap.log
>> #
>> # ----- leaprc for loading the ff10 force field
>> # ----- NOTE: this is designed for PDB format 3!
>> #       ff10 =  ff99SB for proteins; ff99bsc0 for DNA; ff99sbsc_chiOL3 for RNA
>> #       phosphoaa parms from N. Homeyer, A.H.C. Horn, H. Lanig, H. Sticht
>> #           J. Mol. Model. 2006, 12, 281-289.  OP vdW parameters modified
>> #           by T. Steinbrecher and J. Latzer.
>> #
>> #	load atom type hybridizations
>> #
>> addAtomTypes {
>> 	{ "H"   "H" "sp3" }
>> 	{ "HO"  "H" "sp3" }
>> 	{ "HS"  "H" "sp3" }
>> 	{ "H1"  "H" "sp3" }
>> 	{ "H2"  "H" "sp3" }
>> 	{ "H3"  "H" "sp3" }
>> 	{ "H4"  "H" "sp3" }
>> 	{ "H5"  "H" "sp3" }
>> 	{ "HW"  "H" "sp3" }
>> 	{ "HC"  "H" "sp3" }
>> 	{ "HA"  "H" "sp3" }
>> 	{ "HP"  "H" "sp3" }
>> 	{ "HZ"  "H" "sp3" }
>> 	{ "OH"  "O" "sp3" }
>> 	{ "OS"  "O" "sp3" }
>> 	{ "O"   "O" "sp2" }
>> 	{ "O2"  "O" "sp2" }
>> 	{ "OP"  "O" "sp2" }
>> 	{ "OW"  "O" "sp3" }
>> 	{ "CT"  "C" "sp3" }
>> 	{ "CX"  "C" "sp3" }
>> 	{ "CH"  "C" "sp3" }
>> 	{ "CS"  "C" "sp2" }
>> 	{ "C"   "C" "sp2" }
>> 	{ "C*"  "C" "sp2" }
>> 	{ "CA"  "C" "sp2" }
>> 	{ "CB"  "C" "sp2" }
>> 	{ "CC"  "C" "sp2" }
>> 	{ "CN"  "C" "sp2" }
>> 	{ "CM"  "C" "sp2" }
>> 	{ "CK"  "C" "sp2" }
>> 	{ "CQ"  "C" "sp2" }
>> 	{ "CD"  "C" "sp2" }
>> 	{ "C5"  "C" "sp2" }
>> 	{ "C4"  "C" "sp2" }
>> 	{ "CP"  "C" "sp2" }
>> 	{ "CI"  "C" "sp3" }
>> 	{ "CJ"  "C" "sp2" }
>> 	{ "CW"  "C" "sp2" }
>> 	{ "CV"  "C" "sp2" }
>> 	{ "CR"  "C" "sp2" }
>> 	{ "CA"  "C" "sp2" }
>> 	{ "CY"  "C" "sp2" }
>> 	{ "C0"  "Ca" "sp2" }
>> 	{ "MG"  "Mg" "sp3" }
>> 	{ "N"   "N" "sp2" }
>> 	{ "NA"  "N" "sp2" }
>> 	{ "N2"  "N" "sp2" }
>> 	{ "N*"  "N" "sp2" }
>> 	{ "NP"  "N" "sp2" }
>> 	{ "NQ"  "N" "sp2" }
>> 	{ "NB"  "N" "sp2" }
>> 	{ "NC"  "N" "sp2" }
>> 	{ "NT"  "N" "sp3" }
>> 	{ "NY"  "N" "sp2" }
>> 	{ "N3"  "N" "sp3" }
>> 	{ "S"   "S" "sp3" }
>> 	{ "SH"  "S" "sp3" }
>> 	{ "P"   "P" "sp3" }
>> 	{ "LP"  ""  "sp3" }
>> 	{ "EP"  ""  "sp3" }
>> 	{ "F"   "F" "sp3" }
>> 	{ "Cl"  "Cl" "sp3" }
>> 	{ "Br"  "Br" "sp3" }
>> 	{ "I"   "I"  "sp3" }
>> 	{ "F-"   "F" "sp3" }
>> 	{ "Cl-"  "Cl" "sp3" }
>> 	{ "Br-"  "Br" "sp3" }
>> 	{ "I-"   "I"  "sp3" }
>> 	{ "Li+"  "Li"  "sp3" }
>> 	{ "Na+"  "Na"  "sp3" }
>> 	{ "K+"  "K"  "sp3" }
>> 	{ "Rb+"  "Rb"  "sp3" }
>> 	{ "Cs+"  "Cs"  "sp3" }
>> 	{ "Mg+"  "Mg"  "sp3" }
>> # glycam
>> 	{ "OG"  "O" "sp3" }
>> 	{ "OL"  "O" "sp3" }
>> 	{ "AC"  "C" "sp3" }
>> 	{ "EC"  "C" "sp3" }
>> }
>> #
>> #	Load the main parameter set.
>> #
>> parm10 = loadamberparams parm10.dat
Loading parameters: /home/mdmannin/amber16/dat/leap/parm/parm10.dat
Reading title:
PARM99 + frcmod.ff99SB + frcmod.parmbsc0 + OL3 for RNA
(UNKNOWN ATOM TYPE: Zn)
(UNKNOWN ATOM TYPE: EP)
>> #
>> #	Load main chain and terminating amino acid libraries, nucleic acids
>> #
>> loadOff amino10.lib
Loading library: /home/mdmannin/amber16/dat/leap/lib/amino10.lib
Loading: ALA
Loading: ARG
Loading: ASH
Loading: ASN
Loading: ASP
Loading: CYM
Loading: CYS
Loading: CYX
Loading: GLH
Loading: GLN
Loading: GLU
Loading: GLY
Loading: HID
Loading: HIE
Loading: HIP
Loading: HYP
Loading: ILE
Loading: LEU
Loading: LYN
Loading: LYS
Loading: MET
Loading: PHE
Loading: PRO
Loading: SER
Loading: THR
Loading: TRP
Loading: TYR
Loading: VAL
>> loadOff aminoct10.lib
Loading library: /home/mdmannin/amber16/dat/leap/lib/aminoct10.lib
Loading: CALA
Loading: CARG
Loading: CASN
Loading: CASP
Loading: CCYS
Loading: CCYX
Loading: CGLN
Loading: CGLU
Loading: CGLY
Loading: CHID
Loading: CHIE
Loading: CHIP
Loading: CILE
Loading: CLEU
Loading: CLYS
Loading: CMET
Loading: CPHE
Loading: CPRO
Loading: CSER
Loading: CTHR
Loading: CTRP
Loading: CTYR
Loading: CVAL
Loading: NHE
Loading: NME
>> loadOff aminont10.lib
Loading library: /home/mdmannin/amber16/dat/leap/lib/aminont10.lib
Loading: ACE
Loading: NALA
Loading: NARG
Loading: NASN
Loading: NASP
Loading: NCYS
Loading: NCYX
Loading: NGLN
Loading: NGLU
Loading: NGLY
Loading: NHID
Loading: NHIE
Loading: NHIP
Loading: NILE
Loading: NLEU
Loading: NLYS
Loading: NMET
Loading: NPHE
Loading: NPRO
Loading: NSER
Loading: NTHR
Loading: NTRP
Loading: NTYR
Loading: NVAL
>> loadOff phosphoaa10.lib
Could not open file phosphoaa10.lib: not found
Could not open database: phosphoaa10.lib
>> loadOff nucleic10.lib
Loading library: /home/mdmannin/amber16/dat/leap/lib/nucleic10.lib
Loading: A
Loading: A3
Loading: A5
Loading: AN
Loading: C
Loading: C3
Loading: C5
Loading: CN
Loading: DA
Loading: DA3
Loading: DA5
Loading: DAN
Loading: DC
Loading: DC3
Loading: DC5
Loading: DCN
Loading: DG
Loading: DG3
Loading: DG5
Loading: DGN
Loading: DT
Loading: DT3
Loading: DT5
Loading: DTN
Loading: G
Loading: G3
Loading: G5
Loading: GN
Loading: OHE
Loading: U
Loading: U3
Loading: U5
Loading: UN
>> #
>> #       Load water and ions
>> # 
>> loadOff atomic_ions.lib
Loading library: /home/mdmannin/amber16/dat/leap/lib/atomic_ions.lib
Loading: AG
Loading: AL
Loading: Ag
Loading: BA
Loading: BR
Loading: Be
Loading: CA
Loading: CD
Loading: CE
Loading: CL
Loading: CO
Loading: CR
Loading: CS
Loading: CU
Loading: CU1
Loading: Ce
Loading: Cl-
Loading: Cr
Loading: Dy
Loading: EU
Loading: EU3
Loading: Er
Loading: F
Loading: FE
Loading: FE2
Loading: GD3
Loading: H3O+
Loading: HE+
Loading: HG
Loading: HZ+
Loading: Hf
Loading: IN
Loading: IOD
Loading: K
Loading: K+
Loading: LA
Loading: LI
Loading: LU
Loading: MG
Loading: MN
Loading: NA
Loading: NH4
Loading: NI
Loading: Na+
Loading: Nd
Loading: PB
Loading: PD
Loading: PR
Loading: PT
Loading: Pu
Loading: RB
Loading: Ra
Loading: SM
Loading: SR
Loading: Sm
Loading: Sn
Loading: TB
Loading: TL
Loading: Th
Loading: Tl
Loading: Tm
Loading: U4+
Loading: V2+
Loading: Y
Loading: YB2
Loading: ZN
Loading: Zr
>> loadOff solvents.lib
Loading library: /home/mdmannin/amber16/dat/leap/lib/solvents.lib
Loading: CHCL3BOX
Loading: DC4
Loading: FB3
Loading: FB3BOX
Loading: FB4
Loading: FB4BOX
Loading: MEOHBOX
Loading: NMABOX
Loading: OPC
Loading: OPCBOX
Loading: PL3
Loading: POL3BOX
Loading: QSPCFWBOX
Loading: SPC
Loading: SPCBOX
Loading: SPCFWBOX
Loading: SPF
Loading: SPG
Loading: T4E
Loading: TIP3PBOX
Loading: TIP3PFBOX
Loading: TIP4PBOX
Loading: TIP4PEWBOX
Loading: TIP5PBOX
Loading: TP3
Loading: TP4
Loading: TP5
Loading: TPF
>> HOH = TP3
>> WAT = TP3
>> 
>> #
>> #	Define the PDB name map for the amino acids and nucleic acids
>> #
>> addPdbResMap {
>>   { 0 "ALA" "NALA" } { 1 "ALA" "CALA" }
>>   { 0 "ARG" "NARG" } { 1 "ARG" "CARG" }
>>   { 0 "ASN" "NASN" } { 1 "ASN" "CASN" }
>>   { 0 "ASP" "NASP" } { 1 "ASP" "CASP" }
>>   { 0 "CYS" "NCYS" } { 1 "CYS" "CCYS" }
>>   { 0 "CYX" "NCYX" } { 1 "CYX" "CCYX" }
>>   { 0 "GLN" "NGLN" } { 1 "GLN" "CGLN" }
>>   { 0 "GLU" "NGLU" } { 1 "GLU" "CGLU" }
>>   { 0 "GLY" "NGLY" } { 1 "GLY" "CGLY" }
>>   { 0 "HID" "NHID" } { 1 "HID" "CHID" }
>>   { 0 "HIE" "NHIE" } { 1 "HIE" "CHIE" }
>>   { 0 "HIP" "NHIP" } { 1 "HIP" "CHIP" }
>>   { 0 "ILE" "NILE" } { 1 "ILE" "CILE" }
>>   { 0 "LEU" "NLEU" } { 1 "LEU" "CLEU" }
>>   { 0 "LYS" "NLYS" } { 1 "LYS" "CLYS" }
>>   { 0 "MET" "NMET" } { 1 "MET" "CMET" }
>>   { 0 "PHE" "NPHE" } { 1 "PHE" "CPHE" }
>>   { 0 "PRO" "NPRO" } { 1 "PRO" "CPRO" }
>>   { 0 "SER" "NSER" } { 1 "SER" "CSER" }
>>   { 0 "THR" "NTHR" } { 1 "THR" "CTHR" }
>>   { 0 "TRP" "NTRP" } { 1 "TRP" "CTRP" }
>>   { 0 "TYR" "NTYR" } { 1 "TYR" "CTYR" }
>>   { 0 "VAL" "NVAL" } { 1 "VAL" "CVAL" }
>>   { 0 "HIS" "NHIS" } { 1 "HIS" "CHIS" }
>>   { 0 "G" "G5"  } { 1 "G" "G3"  } 
>>   { 0 "A" "A5"  } { 1 "A" "A3"  } 
>>   { 0 "C" "C5"  } { 1 "C" "C3"  } 
>>   { 0 "U" "U5"  } { 1 "U" "U3"  } 
>>   { 0 "DG" "DG5"  } { 1 "DG" "DG3"  }  
>>   { 0 "DA" "DA5"  } { 1 "DA" "DA3"  }  
>>   { 0 "DC" "DC5"  } { 1 "DC" "DC3"  }  
>>   { 0 "DT" "DT5"  } { 1 "DT" "DT3"  }  
>> #  some old Amber residue names for RNA:
>>   { 0  "RA5" "A5" } { 1 "RA3" "A3"} {"RA" "A" }
>>   { 0  "RC5" "C5" } { 1 "RC3" "C3"} {"RC" "C" }
>>   { 0  "RG5" "G5" } { 1 "RG3" "G3"} {"RG" "G" }
>>   { 0  "RU5" "U5" } { 1 "RU3" "U3"} {"RU" "U" }
>> #  some really old Amber residue names, assuming DNA:
>>   { 0 "GUA" "DG5"  } { 1 "GUA" "DG3"  } { "GUA" "DG" }
>>   { 0 "ADE" "DA5"  } { 1 "ADE" "DA3"  } { "ADE" "DA" }
>>   { 0 "CYT" "DC5"  } { 1 "CYT" "DC3"  } { "CYT" "DC" }
>>   { 0 "THY" "DT5"  } { 1 "THY" "DT3"  } { "THY" "DT" }
>> #  uncomment out the following if you have this old style RNA files:
>> # { 0 "GUA" "G5"  } { 1 "GUA" "G3"  } { "GUA" "G" }
>> # { 0 "ADE" "A5"  } { 1 "ADE" "A3"  } { "ADE" "A" }
>> # { 0 "CYT" "C5"  } { 1 "CYT" "C3"  } { "CYT" "C" }
>> # { 0 "THY" "T5"  } { 1 "THY" "T3"  } { "THY" "T" }
>> 
>> }
>> 
>> #  try to be good about reading in really old atom names as well:
>> addPdbAtomMap {
>>   { "O5*" "O5'" }
>>   { "C5*" "C5'" }
>>   { "C4*" "C4'" }
>>   { "O4*" "O4'" }
>>   { "C3*" "C3'" }
>>   { "O3*" "O3'" }
>>   { "C2*" "C2'" }
>>   { "O2*" "O2'" }
>>   { "C1*" "C1'" }
>>   { "C5M" "C7"  }
>>   { "H1*" "H1'" }
>>   { "H2*1" "H2'" }
>>   { "H2*2" "H2''" }
>>   { "H2'1" "H2'" }
>>   { "H2'2" "H2''" }
>>   { "H3*" "H3'" }
>>   { "H4*" "H4'" }
>>   { "H5*1" "H5'" }
>>   { "H5*2" "H5''" }
>>   { "H5'1" "H5'" }
>>   { "H5'2" "H5''" }
>>   { "HO'2" "HO2'" }
>>   { "H5T"  "HO5'" }
>>   { "H3T"  "HO3'" }
>>   { "O1'" "O4'" }
>>   { "OA"  "OP1" }
>>   { "OB"  "OP2" }
>>   { "O1P" "OP1" }
>>   { "O2P" "OP2" }
>> }
>> 
>> #
>> # assume that most often proteins use HIE
>> #
>> NHIS = NHIE
>> HIS = HIE
>> CHIS = CHIE
> 
> source leaprc.water.opc
----- Source: /home/mdmannin/amber16/dat/leap/cmd/leaprc.water.opc
----- Source of /home/mdmannin/amber16/dat/leap/cmd/leaprc.water.opc done
>> #
>> #       Load water and ions for OPC + Joung-Chetham monovalent ions for
>> #       tip4pew + Li/Merz highly charged ions (+2 to +4, 12-6 normal usage set)
>> #       for tip4pew
>> # 
>> addAtomTypes {
>> 	{ "F-"   "F" "sp3" }
>> 	{ "Cl-"  "Cl" "sp3" }
>> 	{ "Br-"  "Br" "sp3" }
>> 	{ "I-"   "I"  "sp3" }
>> 	{ "Li+"  "Li"  "sp3" }
>> 	{ "Na+"  "Na"  "sp3" }
>> 	{ "K+"  "K"  "sp3" }
>> 	{ "Rb+"  "Rb"  "sp3" }
>> 	{ "Cs+"  "Cs"  "sp3" }
>> 	{ "Mg+"  "Mg"  "sp3" }
>>     { "Tl+"  "Tl"  "sp3" }
>>     { "Cu+"  "Cu"  "sp3" }
>>     { "Ag+"  "Ag"  "sp3" }
>>     { "Be2+" "Be"  "sp3" }
>>     { "Cu2+" "Cu"  "sp3" }
>>     { "Ni2+" "Ni"  "sp3" }
>>     { "Pt2+" "Pt"  "sp3" }
>>     { "Zn2+" "Zn"  "sp3" }
>>     { "Co2+" "Co"  "sp3" }
>>     { "Pd2+" "Pd"  "sp3" }
>>     { "Ag2+" "Ag"  "sp3" }
>>     { "Cr2+" "Cr"  "sp3" }
>>     { "Fe2+" "Fe"  "sp3" }
>>     { "Mg2+" "Mg"  "sp3" }
>>     { "V2+"  "V"   "sp3" }
>>     { "Mn2+" "Mn"  "sp3" }
>>     { "Hg2+" "Hg"  "sp3" }
>>     { "Cd2+" "Cd"  "sp3" }
>>     { "Yb2+" "Yb"  "sp3" }
>>     { "Ca2+" "Ca"  "sp3" }
>>     { "Sn2+" "Sn"  "sp3" }
>>     { "Pb2+" "Pb"  "sp3" }
>>     { "Eu2+" "Eu"  "sp3" }
>>     { "Sr2+" "Sr"  "sp3" }
>>     { "Sm2+" "Sm"  "sp3" }
>>     { "Ba2+" "Ba"  "sp3" }
>>     { "Ra2+" "Ra"  "sp3" }
>>     { "Al3+" "Al"  "sp3" }
>>     { "Fe3+" "Fe"  "sp3" }
>>     { "Cr3+" "Cr"  "sp3" }
>>     { "In3+" "In"  "sp3" }
>>     { "Tl3+" "Tl"  "sp3" }
>>     { "Y3+"  "Y"   "sp3" }
>>     { "La3+" "La"  "sp3" }
>>     { "Ce3+" "Ce"  "sp3" }
>>     { "Pr3+" "Pr"  "sp3" }
>>     { "Nd3+" "Nd"  "sp3" }
>>     { "Sm3+" "Sm"  "sp3" }
>>     { "Eu3+" "Eu"  "sp3" }
>>     { "Gd3+" "Gd"  "sp3" }
>>     { "Tb3+" "Tb"  "sp3" }
>>     { "Dy3+" "Dy"  "sp3" }
>>     { "Er3+" "Er"  "sp3" }
>>     { "Tm3+" "Tm"  "sp3" }
>>     { "Lu3+" "Lu"  "sp3" }
>>     { "Hf4+" "Hf"  "sp3" }
>>     { "Zr4+" "Zr"  "sp3" }
>>     { "Ce4+" "Ce"  "sp3" }
>>     { "U4+"  "U"   "sp3" }
>>     { "Pu4+" "Pu"  "sp3" }
>>     { "Th4+" "Th"  "sp3" }
>> }
>> loadOff atomic_ions.lib
Loading library: /home/mdmannin/amber16/dat/leap/lib/atomic_ions.lib
Loading: AG
Loading: AL
Loading: Ag
Loading: BA
Loading: BR
Loading: Be
Loading: CA
Loading: CD
Loading: CE
Loading: CL
Loading: CO
Loading: CR
Loading: CS
Loading: CU
Loading: CU1
Loading: Ce
Loading: Cl-
Loading: Cr
Loading: Dy
Loading: EU
Loading: EU3
Loading: Er
Loading: F
Loading: FE
Loading: FE2
Loading: GD3
Loading: H3O+
Loading: HE+
Loading: HG
Loading: HZ+
Loading: Hf
Loading: IN
Loading: IOD
Loading: K
Loading: K+
Loading: LA
Loading: LI
Loading: LU
Loading: MG
Loading: MN
Loading: NA
Loading: NH4
Loading: NI
Loading: Na+
Loading: Nd
Loading: PB
Loading: PD
Loading: PR
Loading: PT
Loading: Pu
Loading: RB
Loading: Ra
Loading: SM
Loading: SR
Loading: Sm
Loading: Sn
Loading: TB
Loading: TL
Loading: Th
Loading: Tl
Loading: Tm
Loading: U4+
Loading: V2+
Loading: Y
Loading: YB2
Loading: ZN
Loading: Zr
>> loadOff solvents.lib
Loading library: /home/mdmannin/amber16/dat/leap/lib/solvents.lib
Loading: CHCL3BOX
Loading: DC4
Loading: FB3
Loading: FB3BOX
Loading: FB4
Loading: FB4BOX
Loading: MEOHBOX
Loading: NMABOX
Loading: OPC
Loading: OPCBOX
Loading: PL3
Loading: POL3BOX
Loading: QSPCFWBOX
Loading: SPC
Loading: SPCBOX
Loading: SPCFWBOX
Loading: SPF
Loading: SPG
Loading: T4E
Loading: TIP3PBOX
Loading: TIP3PFBOX
Loading: TIP4PBOX
Loading: TIP4PEWBOX
Loading: TIP5PBOX
Loading: TP3
Loading: TP4
Loading: TP5
Loading: TPF
>> HOH = OPC
>> WAT = OPC
>> loadAmberParams frcmod.opc
Loading parameters: /home/mdmannin/amber16/dat/leap/parm/frcmod.opc
Reading force field modification type file (frcmod)
Reading title:
Parameters for OPC water (JPCL, 2014, 5 (21), pp 3863–3871) 
(UNKNOWN ATOM TYPE: EP)
>> loadAmberParams frcmod.ionsjc_tip4pew
Loading parameters: /home/mdmannin/amber16/dat/leap/parm/frcmod.ionsjc_tip4pew
Reading force field modification type file (frcmod)
Reading title:
Monovalent ion parameters for Ewald and TIP4P/EW water from Joung & Cheatham JPCB (2008)
>> loadAmberParams frcmod.ions234lm_126_tip4pew
Loading parameters: /home/mdmannin/amber16/dat/leap/parm/frcmod.ions234lm_126_tip4pew
Reading force field modification type file (frcmod)
Reading title:
Li/Merz ion parameters of divalent to tetravalent ions for TIP4P/EW water model (12-6 normal usage set)
>> 
> 
> set default PBradii bondi
Using Bondi radii
> WAT=OPC
> HOH=OPC
> mods = loadamberparams frcmod.phosaa10
Loading parameters: /home/mdmannin/amber16/dat/leap/parm/frcmod.phosaa10
Reading force field modification type file (frcmod)
Reading title:
Bonded parameters and revised vdW parameters for phosphorylated amino acids.
(UNKNOWN ATOM TYPE: OQ)
(UNKNOWN ATOM TYPE: OR)
(UNKNOWN ATOM TYPE: OT)
(UNKNOWN ATOM TYPE: OV)
(UNKNOWN ATOM TYPE: OX)
(UNKNOWN ATOM TYPE: OZ)
> mods = loadamberparams h4_8a.frcmod
Loading parameters: /home/mdmannin/amber16/dat/leap/parm/h4_8a.frcmod
Reading force field modification type file (frcmod)
Reading title:
Modified Force-field for H4 histone tail tethered to "repulsive" sphere
(UNKNOWN ATOM TYPE: ZZ)
> sphere = createUnit sph
> sp_res = createResidue sphres
> add sphere sp_res
> z0 = createAtom l0 ZZ 0
> set z0 position { 4.0 4.0 24.0 }
> add sphere.1 z0
> z1 = createAtom l1 ZZ 0
> set z1 position { 4.0 0.0 28.0 }
> add sphere.1 z1
> z2 = createAtom l2 ZZ 0
> set z2 position { 0.0 4.0 28.0 }
> add sphere.1 z2
> z3 = createAtom l3 ZZ 0
> set z3 position { 0.0 8.0 24.0 }
> add sphere.1 z3
> z4 = createAtom l4 ZZ 0
> set z4 position { 4.0 12.0 24.0 }
> add sphere.1 z4
> z5 = createAtom l5 ZZ 0
> set z5 position { 4.0 20.0 16.0 }
> add sphere.1 z5
> z6 = createAtom l6 ZZ 0
> set z6 position { 4.0 16.0 20.0 }
> add sphere.1 z6
> z7 = createAtom l7 ZZ 0
> set z7 position { 0.0 20.0 20.0 }
> add sphere.1 z7
> z8 = createAtom l8 ZZ 0
> set z8 position { 0.0 16.0 24.0 }
> add sphere.1 z8
> z9 = createAtom l9 ZZ 0
> set z9 position { 4.0 28.0 0.0 }
> add sphere.1 z9
> z10 = createAtom l10 ZZ 0
> set z10 position { 4.0 24.0 4.0 }
> add sphere.1 z10
> z11 = createAtom l11 ZZ 0
> set z11 position { 0.0 28.0 4.0 }
> add sphere.1 z11
> z12 = createAtom l12 ZZ 0
> set z12 position { 0.0 24.0 8.0 }
> add sphere.1 z12
> z13 = createAtom l13 ZZ 0
> set z13 position { 4.0 24.0 12.0 }
> add sphere.1 z13
> z14 = createAtom l14 ZZ 0
> set z14 position { 0.0 24.0 16.0 }
> add sphere.1 z14
> z15 = createAtom l15 ZZ 0
> set z15 position { 8.0 0.0 24.0 }
> add sphere.1 z15
> z16 = createAtom l16 ZZ 0
> set z16 position { 12.0 4.0 24.0 }
> add sphere.1 z16
> z17 = createAtom l17 ZZ 0
> set z17 position { 12.0 8.0 20.0 }
> add sphere.1 z17
> z18 = createAtom l18 ZZ 0
> set z18 position { 8.0 12.0 20.0 }
> add sphere.1 z18
> z19 = createAtom l19 ZZ 0
> set z19 position { 8.0 8.0 24.0 }
> add sphere.1 z19
> z20 = createAtom l20 ZZ 0
> set z20 position { 12.0 20.0 8.0 }
> add sphere.1 z20
> z21 = createAtom l21 ZZ 0
> set z21 position { 8.0 20.0 12.0 }
> add sphere.1 z21
> z22 = createAtom l22 ZZ 0
> set z22 position { 12.0 20.0 16.0 }
> add sphere.1 z22
> z23 = createAtom l23 ZZ 0
> set z23 position { 12.0 16.0 20.0 }
> add sphere.1 z23
> z24 = createAtom l24 ZZ 0
> set z24 position { 8.0 24.0 0.0 }
> add sphere.1 z24
> z25 = createAtom l25 ZZ 0
> set z25 position { 12.0 24.0 4.0 }
> add sphere.1 z25
> z26 = createAtom l26 ZZ 0
> set z26 position { 8.0 24.0 8.0 }
> add sphere.1 z26
> z27 = createAtom l27 ZZ 0
> set z27 position { 20.0 4.0 16.0 }
> add sphere.1 z27
> z28 = createAtom l28 ZZ 0
> set z28 position { 20.0 0.0 20.0 }
> add sphere.1 z28
> z29 = createAtom l29 ZZ 0
> set z29 position { 16.0 4.0 20.0 }
> add sphere.1 z29
> z30 = createAtom l30 ZZ 0
> set z30 position { 16.0 0.0 24.0 }
> add sphere.1 z30
> z31 = createAtom l31 ZZ 0
> set z31 position { 20.0 12.0 8.0 }
> add sphere.1 z31
> z32 = createAtom l32 ZZ 0
> set z32 position { 20.0 8.0 12.0 }
> add sphere.1 z32
> z33 = createAtom l33 ZZ 0
> set z33 position { 20.0 12.0 16.0 }
> add sphere.1 z33
> z34 = createAtom l34 ZZ 0
> set z34 position { 16.0 12.0 20.0 }
> add sphere.1 z34
> z35 = createAtom l35 ZZ 0
> set z35 position { 20.0 20.0 0.0 }
> add sphere.1 z35
> z36 = createAtom l36 ZZ 0
> set z36 position { 20.0 16.0 4.0 }
> add sphere.1 z36
> z37 = createAtom l37 ZZ 0
> set z37 position { 16.0 20.0 4.0 }
> add sphere.1 z37
> z38 = createAtom l38 ZZ 0
> set z38 position { 20.0 16.0 12.0 }
> add sphere.1 z38
> z39 = createAtom l39 ZZ 0
> set z39 position { 16.0 20.0 12.0 }
> add sphere.1 z39
> z40 = createAtom l40 ZZ 0
> set z40 position { 16.0 16.0 16.0 }
> add sphere.1 z40
> z41 = createAtom l41 ZZ 0
> set z41 position { 16.0 24.0 0.0 }
> add sphere.1 z41
> z42 = createAtom l42 ZZ 0
> set z42 position { 28.0 4.0 0.0 }
> add sphere.1 z42
> z43 = createAtom l43 ZZ 0
> set z43 position { 28.0 0.0 4.0 }
> add sphere.1 z43
> z44 = createAtom l44 ZZ 0
> set z44 position { 24.0 4.0 4.0 }
> add sphere.1 z44
> z45 = createAtom l45 ZZ 0
> set z45 position { 24.0 0.0 8.0 }
> add sphere.1 z45
> z46 = createAtom l46 ZZ 0
> set z46 position { 24.0 4.0 12.0 }
> add sphere.1 z46
> z47 = createAtom l47 ZZ 0
> set z47 position { 24.0 0.0 16.0 }
> add sphere.1 z47
> z48 = createAtom l48 ZZ 0
> set z48 position { 24.0 8.0 0.0 }
> add sphere.1 z48
> z49 = createAtom l49 ZZ 0
> set z49 position { 24.0 12.0 4.0 }
> add sphere.1 z49
> z50 = createAtom l50 ZZ 0
> set z50 position { 24.0 8.0 8.0 }
> add sphere.1 z50
> z51 = createAtom l51 ZZ 0
> set z51 position { 24.0 16.0 0.0 }
> add sphere.1 z51
> tail = loadpdbusingseq original_newpos.pdb {SER GLY ARG GLY LYS GLY GLY LYS GLY LEU GLY LYS GLY GLY ALA LYS ARG HIE ARG LYS VAL LEU ARG ASP ASN CILE}
Loading PDB file: ./original_newpos.pdb using sequence 
Enter zPdbReadScan from call depth  0.
Exit  zPdbReadScan from call depth  0.
Matching PDB residue names to LEaP variables.
  matching pdb residues -> sequence template
	res	pdb	template
	1	SER	SER
	2	GLY	GLY
	3	ARG	ARG
	4	GLY	GLY
	5	LYS	LYS
	6	GLY	GLY
	7	GLY	GLY
	8	LYS	LYS
	9	GLY	GLY
	10	LEU	LEU
	11	GLY	GLY
	12	LYS	LYS
	13	GLY	GLY
	14	GLY	GLY
	15	ALA	ALA
	16	LYS	LYS
	17	ARG	ARG
	18	HIE	HIE
	19	ARG	ARG
	20	LYS	LYS
	21	VAL	VAL
	22	LEU	LEU
	23	ARG	ARG
	24	ASP	ASP
	25	ASN	ASN
	26	ILE	CILE
Joining SER - GLY
Joining GLY - ARG
Joining ARG - GLY
Joining GLY - LYS
Joining LYS - GLY
Joining GLY - GLY
Joining GLY - LYS
Joining LYS - GLY
Joining GLY - LEU
Joining LEU - GLY
Joining GLY - LYS
Joining LYS - GLY
Joining GLY - GLY
Joining GLY - ALA
Joining ALA - LYS
Joining LYS - ARG
Joining ARG - HIE
Joining HIE - ARG
Joining ARG - LYS
Joining LYS - VAL
Joining VAL - LEU
Joining LEU - ARG
Joining ARG - ASP
Joining ASP - ASN
Joining ASN - CILE
  total atoms in file: 400
> link = createunit l
> linkres = createresidue lr
> add link linkres
> clink = createAtom CL1 CT 0
> set clink element C
The value must be of the type: String
> set clink position { 0 0 0}
> add link.1 clink
> h1 = createatom h1 HC 0
> translate h1 {1 0 0}
> h2 = createatom h2 HC 0
> translate h2 { -1 0 0}
> add link.1 h1
> add link.1 h2
> bond link.1.CL1 link.1.h1
> bond link.1.CL1 link.1.h2
> translate link.1 { 18.74315780649915 18.74315780649915 18.74315780649915 }
> combined = combine { sphere link tail }
  Sequence: sph
  Sequence: l
  Sequence: default_name
> bond combined.2.CL1 combined.3.N
> bond combined.1.N combined.2.CL1
bond: Argument #1 is type String must be of type: [atom]
usage:  bond <atom1> <atom2> [order]
> bondbydistance combined.1 5.8
108 pairs of atoms within potential bonding distance
108 are not H-H pairs
Created 108 bonds.
> check combined
Checking 'combined'....
WARNING: There is a bond of 5.656854 angstroms between: 
-------  .R<sphres 1>.A<l49 50> and .R<sphres 1>.A<l51 52>
WARNING: There is a bond of 5.656854 angstroms between: 
-------  .R<sphres 1>.A<l49 50> and .R<sphres 1>.A<l50 51>
WARNING: There is a bond of 5.656854 angstroms between: 
-------  .R<sphres 1>.A<l48 49> and .R<sphres 1>.A<l49 50>
WARNING: There is a bond of 5.656854 angstroms between: 
-------  .R<sphres 1>.A<l46 47> and .R<sphres 1>.A<l50 51>
WARNING: There is a bond of 5.656854 angstroms between: 
-------  .R<sphres 1>.A<l46 47> and .R<sphres 1>.A<l47 48>
WARNING: There is a bond of 5.656854 angstroms between: 
-------  .R<sphres 1>.A<l45 46> and .R<sphres 1>.A<l46 47>
WARNING: There is a bond of 5.656854 angstroms between: 
-------  .R<sphres 1>.A<l44 45> and .R<sphres 1>.A<l50 51>
WARNING: There is a bond of 5.656854 angstroms between: 
-------  .R<sphres 1>.A<l44 45> and .R<sphres 1>.A<l48 49>
WARNING: There is a bond of 5.656854 angstroms between: 
-------  .R<sphres 1>.A<l44 45> and .R<sphres 1>.A<l45 46>
WARNING: There is a bond of 5.656854 angstroms between: 
-------  .R<sphres 1>.A<l43 44> and .R<sphres 1>.A<l45 46>
WARNING: There is a bond of 5.656854 angstroms between: 
-------  .R<sphres 1>.A<l43 44> and .R<sphres 1>.A<l44 45>
WARNING: There is a bond of 5.656854 angstroms between: 
-------  .R<sphres 1>.A<l42 43> and .R<sphres 1>.A<l48 49>
WARNING: There is a bond of 5.656854 angstroms between: 
-------  .R<sphres 1>.A<l42 43> and .R<sphres 1>.A<l44 45>
WARNING: There is a bond of 5.656854 angstroms between: 
-------  .R<sphres 1>.A<l42 43> and .R<sphres 1>.A<l43 44>
WARNING: There is a bond of 5.656854 angstroms between: 
-------  .R<sphres 1>.A<l39 40> and .R<sphres 1>.A<l40 41>
WARNING: There is a bond of 5.656854 angstroms between: 
-------  .R<sphres 1>.A<l38 39> and .R<sphres 1>.A<l40 41>
WARNING: There is a bond of 5.656854 angstroms between: 
-------  .R<sphres 1>.A<l38 39> and .R<sphres 1>.A<l39 40>
WARNING: There is a bond of 5.656854 angstroms between: 
-------  .R<sphres 1>.A<l37 38> and .R<sphres 1>.A<l41 42>
WARNING: There is a bond of 5.656854 angstroms between: 
-------  .R<sphres 1>.A<l36 37> and .R<sphres 1>.A<l51 52>
WARNING: There is a bond of 5.656854 angstroms between: 
-------  .R<sphres 1>.A<l36 37> and .R<sphres 1>.A<l49 50>
WARNING: There is a bond of 5.656854 angstroms between: 
-------  .R<sphres 1>.A<l36 37> and .R<sphres 1>.A<l37 38>
WARNING: There is a bond of 5.656854 angstroms between: 
-------  .R<sphres 1>.A<l35 36> and .R<sphres 1>.A<l51 52>
WARNING: There is a bond of 5.656854 angstroms between: 
-------  .R<sphres 1>.A<l35 36> and .R<sphres 1>.A<l41 42>
WARNING: There is a bond of 5.656854 angstroms between: 
-------  .R<sphres 1>.A<l35 36> and .R<sphres 1>.A<l37 38>
WARNING: There is a bond of 5.656854 angstroms between: 
-------  .R<sphres 1>.A<l35 36> and .R<sphres 1>.A<l36 37>
WARNING: There is a bond of 5.656854 angstroms between: 
-------  .R<sphres 1>.A<l34 35> and .R<sphres 1>.A<l40 41>
WARNING: There is a bond of 5.656854 angstroms between: 
-------  .R<sphres 1>.A<l33 34> and .R<sphres 1>.A<l40 41>
WARNING: There is a bond of 5.656854 angstroms between: 
-------  .R<sphres 1>.A<l33 34> and .R<sphres 1>.A<l38 39>
WARNING: There is a bond of 5.656854 angstroms between: 
-------  .R<sphres 1>.A<l33 34> and .R<sphres 1>.A<l34 35>
WARNING: There is a bond of 5.656854 angstroms between: 
-------  .R<sphres 1>.A<l32 33> and .R<sphres 1>.A<l50 51>
WARNING: There is a bond of 5.656854 angstroms between: 
-------  .R<sphres 1>.A<l32 33> and .R<sphres 1>.A<l46 47>
WARNING: There is a bond of 5.656854 angstroms between: 
-------  .R<sphres 1>.A<l32 33> and .R<sphres 1>.A<l33 34>
WARNING: There is a bond of 5.656854 angstroms between: 
-------  .R<sphres 1>.A<l31 32> and .R<sphres 1>.A<l50 51>
WARNING: There is a bond of 5.656854 angstroms between: 
-------  .R<sphres 1>.A<l31 32> and .R<sphres 1>.A<l49 50>
WARNING: There is a bond of 5.656854 angstroms between: 
-------  .R<sphres 1>.A<l31 32> and .R<sphres 1>.A<l38 39>
WARNING: There is a bond of 5.656854 angstroms between: 
-------  .R<sphres 1>.A<l31 32> and .R<sphres 1>.A<l36 37>
WARNING: There is a bond of 5.656854 angstroms between: 
-------  .R<sphres 1>.A<l31 32> and .R<sphres 1>.A<l32 33>
WARNING: There is a bond of 5.656854 angstroms between: 
-------  .R<sphres 1>.A<l29 30> and .R<sphres 1>.A<l30 31>
WARNING: There is a bond of 5.656854 angstroms between: 
-------  .R<sphres 1>.A<l28 29> and .R<sphres 1>.A<l47 48>
WARNING: There is a bond of 5.656854 angstroms between: 
-------  .R<sphres 1>.A<l28 29> and .R<sphres 1>.A<l30 31>
WARNING: There is a bond of 5.656854 angstroms between: 
-------  .R<sphres 1>.A<l28 29> and .R<sphres 1>.A<l29 30>
WARNING: There is a bond of 5.656854 angstroms between: 
-------  .R<sphres 1>.A<l27 28> and .R<sphres 1>.A<l47 48>
WARNING: There is a bond of 5.656854 angstroms between: 
-------  .R<sphres 1>.A<l27 28> and .R<sphres 1>.A<l46 47>
WARNING: There is a bond of 5.656854 angstroms between: 
-------  .R<sphres 1>.A<l27 28> and .R<sphres 1>.A<l32 33>
WARNING: There is a bond of 5.656854 angstroms between: 
-------  .R<sphres 1>.A<l27 28> and .R<sphres 1>.A<l29 30>
WARNING: There is a bond of 5.656854 angstroms between: 
-------  .R<sphres 1>.A<l27 28> and .R<sphres 1>.A<l28 29>
WARNING: There is a bond of 5.656854 angstroms between: 
-------  .R<sphres 1>.A<l25 26> and .R<sphres 1>.A<l41 42>
WARNING: There is a bond of 5.656854 angstroms between: 
-------  .R<sphres 1>.A<l25 26> and .R<sphres 1>.A<l37 38>
WARNING: There is a bond of 5.656854 angstroms between: 
-------  .R<sphres 1>.A<l25 26> and .R<sphres 1>.A<l26 27>
WARNING: There is a bond of 5.656854 angstroms between: 
-------  .R<sphres 1>.A<l24 25> and .R<sphres 1>.A<l25 26>
WARNING: There is a bond of 5.656854 angstroms between: 
-------  .R<sphres 1>.A<l23 24> and .R<sphres 1>.A<l40 41>
WARNING: There is a bond of 5.656854 angstroms between: 
-------  .R<sphres 1>.A<l23 24> and .R<sphres 1>.A<l34 35>
WARNING: There is a bond of 5.656854 angstroms between: 
-------  .R<sphres 1>.A<l22 23> and .R<sphres 1>.A<l40 41>
WARNING: There is a bond of 5.656854 angstroms between: 
-------  .R<sphres 1>.A<l22 23> and .R<sphres 1>.A<l39 40>
WARNING: There is a bond of 5.656854 angstroms between: 
-------  .R<sphres 1>.A<l22 23> and .R<sphres 1>.A<l23 24>
WARNING: There is a bond of 5.656854 angstroms between: 
-------  .R<sphres 1>.A<l21 22> and .R<sphres 1>.A<l26 27>
WARNING: There is a bond of 5.656854 angstroms between: 
-------  .R<sphres 1>.A<l21 22> and .R<sphres 1>.A<l22 23>
WARNING: There is a bond of 5.656854 angstroms between: 
-------  .R<sphres 1>.A<l20 21> and .R<sphres 1>.A<l39 40>
WARNING: There is a bond of 5.656854 angstroms between: 
-------  .R<sphres 1>.A<l20 21> and .R<sphres 1>.A<l37 38>
WARNING: There is a bond of 5.656854 angstroms between: 
-------  .R<sphres 1>.A<l20 21> and .R<sphres 1>.A<l26 27>
WARNING: There is a bond of 5.656854 angstroms between: 
-------  .R<sphres 1>.A<l20 21> and .R<sphres 1>.A<l25 26>
WARNING: There is a bond of 5.656854 angstroms between: 
-------  .R<sphres 1>.A<l20 21> and .R<sphres 1>.A<l21 22>
WARNING: There is a bond of 5.656854 angstroms between: 
-------  .R<sphres 1>.A<l18 19> and .R<sphres 1>.A<l23 24>
WARNING: There is a bond of 5.656854 angstroms between: 
-------  .R<sphres 1>.A<l18 19> and .R<sphres 1>.A<l19 20>
WARNING: There is a bond of 5.656854 angstroms between: 
-------  .R<sphres 1>.A<l17 18> and .R<sphres 1>.A<l34 35>
WARNING: There is a bond of 5.656854 angstroms between: 
-------  .R<sphres 1>.A<l17 18> and .R<sphres 1>.A<l29 30>
WARNING: There is a bond of 5.656854 angstroms between: 
-------  .R<sphres 1>.A<l17 18> and .R<sphres 1>.A<l19 20>
WARNING: There is a bond of 5.656854 angstroms between: 
-------  .R<sphres 1>.A<l17 18> and .R<sphres 1>.A<l18 19>
WARNING: There is a bond of 5.656854 angstroms between: 
-------  .R<sphres 1>.A<l16 17> and .R<sphres 1>.A<l30 31>
WARNING: There is a bond of 5.656854 angstroms between: 
-------  .R<sphres 1>.A<l16 17> and .R<sphres 1>.A<l29 30>
WARNING: There is a bond of 5.656854 angstroms between: 
-------  .R<sphres 1>.A<l16 17> and .R<sphres 1>.A<l19 20>
WARNING: There is a bond of 5.656854 angstroms between: 
-------  .R<sphres 1>.A<l16 17> and .R<sphres 1>.A<l17 18>
WARNING: There is a bond of 5.656854 angstroms between: 
-------  .R<sphres 1>.A<l15 16> and .R<sphres 1>.A<l16 17>
WARNING: There is a bond of 5.656854 angstroms between: 
-------  .R<sphres 1>.A<l13 14> and .R<sphres 1>.A<l26 27>
WARNING: There is a bond of 5.656854 angstroms between: 
-------  .R<sphres 1>.A<l13 14> and .R<sphres 1>.A<l21 22>
WARNING: There is a bond of 5.656854 angstroms between: 
-------  .R<sphres 1>.A<l13 14> and .R<sphres 1>.A<l14 15>
WARNING: There is a bond of 5.656854 angstroms between: 
-------  .R<sphres 1>.A<l12 13> and .R<sphres 1>.A<l13 14>
WARNING: There is a bond of 5.656854 angstroms between: 
-------  .R<sphres 1>.A<l11 12> and .R<sphres 1>.A<l12 13>
WARNING: There is a bond of 5.656854 angstroms between: 
-------  .R<sphres 1>.A<l10 11> and .R<sphres 1>.A<l26 27>
WARNING: There is a bond of 5.656854 angstroms between: 
-------  .R<sphres 1>.A<l10 11> and .R<sphres 1>.A<l24 25>
WARNING: There is a bond of 5.656854 angstroms between: 
-------  .R<sphres 1>.A<l10 11> and .R<sphres 1>.A<l12 13>
WARNING: There is a bond of 5.656854 angstroms between: 
-------  .R<sphres 1>.A<l10 11> and .R<sphres 1>.A<l11 12>
WARNING: There is a bond of 5.656854 angstroms between: 
-------  .R<sphres 1>.A<l9 10> and .R<sphres 1>.A<l24 25>
WARNING: There is a bond of 5.656854 angstroms between: 
-------  .R<sphres 1>.A<l9 10> and .R<sphres 1>.A<l11 12>
WARNING: There is a bond of 5.656854 angstroms between: 
-------  .R<sphres 1>.A<l9 10> and .R<sphres 1>.A<l10 11>
WARNING: There is a bond of 5.656854 angstroms between: 
-------  .R<sphres 1>.A<l7 8> and .R<sphres 1>.A<l14 15>
WARNING: There is a bond of 5.656854 angstroms between: 
-------  .R<sphres 1>.A<l7 8> and .R<sphres 1>.A<l8 9>
WARNING: There is a bond of 5.656854 angstroms between: 
-------  .R<sphres 1>.A<l6 7> and .R<sphres 1>.A<l18 19>
WARNING: There is a bond of 5.656854 angstroms between: 
-------  .R<sphres 1>.A<l6 7> and .R<sphres 1>.A<l8 9>
WARNING: There is a bond of 5.656854 angstroms between: 
-------  .R<sphres 1>.A<l6 7> and .R<sphres 1>.A<l7 8>
WARNING: There is a bond of 5.656854 angstroms between: 
-------  .R<sphres 1>.A<l5 6> and .R<sphres 1>.A<l21 22>
WARNING: There is a bond of 5.656854 angstroms between: 
-------  .R<sphres 1>.A<l5 6> and .R<sphres 1>.A<l14 15>
WARNING: There is a bond of 5.656854 angstroms between: 
-------  .R<sphres 1>.A<l5 6> and .R<sphres 1>.A<l13 14>
WARNING: There is a bond of 5.656854 angstroms between: 
-------  .R<sphres 1>.A<l5 6> and .R<sphres 1>.A<l7 8>
WARNING: There is a bond of 5.656854 angstroms between: 
-------  .R<sphres 1>.A<l5 6> and .R<sphres 1>.A<l6 7>
WARNING: There is a bond of 5.656854 angstroms between: 
-------  .R<sphres 1>.A<l4 5> and .R<sphres 1>.A<l19 20>
WARNING: There is a bond of 5.656854 angstroms between: 
-------  .R<sphres 1>.A<l4 5> and .R<sphres 1>.A<l18 19>
WARNING: There is a bond of 5.656854 angstroms between: 
-------  .R<sphres 1>.A<l4 5> and .R<sphres 1>.A<l8 9>
WARNING: There is a bond of 5.656854 angstroms between: 
-------  .R<sphres 1>.A<l4 5> and .R<sphres 1>.A<l6 7>
WARNING: There is a bond of 5.656854 angstroms between: 
-------  .R<sphres 1>.A<l3 4> and .R<sphres 1>.A<l4 5>
WARNING: There is a bond of 5.656854 angstroms between: 
-------  .R<sphres 1>.A<l2 3> and .R<sphres 1>.A<l3 4>
WARNING: There is a bond of 5.656854 angstroms between: 
-------  .R<sphres 1>.A<l1 2> and .R<sphres 1>.A<l15 16>
WARNING: There is a bond of 5.656854 angstroms between: 
-------  .R<sphres 1>.A<l1 2> and .R<sphres 1>.A<l2 3>
WARNING: There is a bond of 5.656854 angstroms between: 
-------  .R<sphres 1>.A<l0 1> and .R<sphres 1>.A<l19 20>
WARNING: There is a bond of 5.656854 angstroms between: 
-------  .R<sphres 1>.A<l0 1> and .R<sphres 1>.A<l15 16>
WARNING: There is a bond of 5.656854 angstroms between: 
-------  .R<sphres 1>.A<l0 1> and .R<sphres 1>.A<l3 4>
WARNING: There is a bond of 5.656854 angstroms between: 
-------  .R<sphres 1>.A<l0 1> and .R<sphres 1>.A<l2 3>
WARNING: There is a bond of 5.656854 angstroms between: 
-------  .R<sphres 1>.A<l0 1> and .R<sphres 1>.A<l1 2>
WARNING: The unperturbed charge of the unit: 7.000000 is not zero.
Warning: Close contact of 1.274064 angstroms between .R<lr 2>.A<h1 2> and .R<SER 3>.A<N 1>
Warning: Close contact of 1.499710 angstroms between .R<lr 2>.A<h1 2> and .R<SER 3>.A<H 2>
Checking parameters for unit 'combined'.
Checking for bond parameters.
Checking for angle parameters.
check:  Warnings: 111
Unit is OK.
> savemol2 combined au_sphere_h4_8a.mol2 0
Writing mol2 file: au_sphere_h4_8a.mol2
 Truncating residue name for PDB format: sphres -> sphr
 Truncating residue name for PDB format: sphres -> sph
 Truncating residue name for PDB format: CILE -> CIL
 
> quit
	Quit
